<?xml version="1.0" encoding="UTF-8"?>
<testng-results ignored="0" total="1" passed="1" failed="0" skipped="0">
  <reporter-output>
  </reporter-output>
  <suite started-at="2022-10-22T14:20:56 IST" name="Default suite" finished-at="2022-10-22T14:21:11 IST" duration-ms="15095">
    <groups>
    </groups>
    <test started-at="2022-10-22T14:20:56 IST" name="Default test" finished-at="2022-10-22T14:21:11 IST" duration-ms="15095">
      <class name="Automation.TVAutomationTests.MovieDetailsValidationTest">
        <test-method is-config="true" signature="launch()[pri:0, instance:Automation.TVAutomationTests.MovieDetailsValidationTest@f0da945]" started-at="2022-10-22T14:20:56 IST" name="launch" finished-at="2022-10-22T14:21:00 IST" duration-ms="3232" status="PASS">
          <reporter-output>
          </reporter-output>
        </test-method> <!-- launch -->
        <test-method signature="testMovieDetailsValidation()[pri:0, instance:Automation.TVAutomationTests.MovieDetailsValidationTest@f0da945]" started-at="2022-10-22T14:21:00 IST" name="testMovieDetailsValidation" finished-at="2022-10-22T14:21:11 IST" duration-ms="11496" status="PASS">
          <reporter-output>
          </reporter-output>
        </test-method> <!-- testMovieDetailsValidation -->
        <test-method is-config="true" signature="closeBrowser()[pri:0, instance:Automation.TVAutomationTests.MovieDetailsValidationTest@f0da945]" started-at="2022-10-22T14:21:11 IST" name="closeBrowser" finished-at="2022-10-22T14:21:11 IST" duration-ms="303" status="PASS">
          <reporter-output>
          </reporter-output>
        </test-method> <!-- closeBrowser -->
      </class> <!-- Automation.TVAutomationTests.MovieDetailsValidationTest -->
    </test> <!-- Default test -->
  </suite> <!-- Default suite -->
</testng-results>
