<?xml version="1.0" encoding="UTF-8"?>
<testng-results ignored="0" total="1" passed="1" failed="0" skipped="0">
  <reporter-output>
  </reporter-output>
  <suite started-at="2022-10-22T14:40:32 IST" name="Surefire suite" finished-at="2022-10-22T14:40:54 IST" duration-ms="21167">
    <groups>
    </groups>
    <test started-at="2022-10-22T14:40:32 IST" name="Surefire test" finished-at="2022-10-22T14:40:54 IST" duration-ms="21167">
      <class name="Automation.TVAutomationTests.MovieDetailsValidationTest">
        <test-method is-config="true" signature="launch()[pri:0, instance:Automation.TVAutomationTests.MovieDetailsValidationTest@291caca8]" started-at="2022-10-22T14:40:33 IST" name="launch" finished-at="2022-10-22T14:40:38 IST" duration-ms="5541" status="PASS">
          <reporter-output>
          </reporter-output>
        </test-method> <!-- launch -->
        <test-method signature="testMovieDetailsValidation()[pri:0, instance:Automation.TVAutomationTests.MovieDetailsValidationTest@291caca8]" started-at="2022-10-22T14:40:38 IST" name="testMovieDetailsValidation" finished-at="2022-10-22T14:40:53 IST" duration-ms="14706" status="PASS">
          <reporter-output>
          </reporter-output>
        </test-method> <!-- testMovieDetailsValidation -->
        <test-method is-config="true" signature="closeBrowser()[pri:0, instance:Automation.TVAutomationTests.MovieDetailsValidationTest@291caca8]" started-at="2022-10-22T14:40:53 IST" name="closeBrowser" finished-at="2022-10-22T14:40:54 IST" duration-ms="854" status="PASS">
          <reporter-output>
          </reporter-output>
        </test-method> <!-- closeBrowser -->
      </class> <!-- Automation.TVAutomationTests.MovieDetailsValidationTest -->
    </test> <!-- Surefire test -->
  </suite> <!-- Surefire suite -->
</testng-results>
